<?xml version="1.0" encoding="UTF-8"?>
<testsuite name="edu.brown.cs.athenia.databaseparser.DatabaseParserTest" tests="1" skipped="0" failures="0" errors="0" timestamp="2019-05-07T13:23:41" hostname="thomass-mbp.devices.brown.edu" time="0.001">
  <properties/>
  <testcase name="testt" classname="edu.brown.cs.athenia.databaseparser.DatabaseParserTest" time="0.001"/>
  <system-out><![CDATA[]]></system-out>
  <system-err><![CDATA[]]></system-err>
</testsuite>
